<?xml version="1.0" encoding="UTF-8"?>
<!-- Generated by org.testng.reporters.JUnitReportReporter -->
<testsuite hostname="DESKTOP-OEVEG37" failures="0" tests="1" name="Vs.DesktopGRC.testRun" time="37.757" errors="0" timestamp="2023-12-11T18:24:00 IST" skipped="0">
  <testcase classname="Vs.DesktopGRC.testRun" name="GRCRegression" time="37.757"/>
  <system-out/>
</testsuite> <!-- Vs.DesktopGRC.testRun -->
