<?xml version="1.0" encoding="UTF-8"?>
<!-- Generated by org.testng.reporters.JUnitReportReporter -->
<testsuite hostname="Uber9-Lap-048" failures="0" tests="1" name="Vs.DesktopGRC.testLogin" time="5.271" errors="0" timestamp="2023-09-25T15:56:48 IST" skipped="0">
  <testcase classname="Vs.DesktopGRC.testLogin" name="Login" time="5.271"/>
  <system-out/>
</testsuite> <!-- Vs.DesktopGRC.testLogin -->
