<?xml version="1.0" encoding="UTF-8"?>
<!-- Generated by org.testng.reporters.JUnitReportReporter -->
<testsuite hostname="Uber9-Lap-048" failures="0" tests="1" name="Vs.DesktopGRC.App" time="0.010" errors="0" timestamp="2023-09-29T15:14:04 IST" skipped="0">
  <testcase classname="Vs.DesktopGRC.App" name="login" time="0.010"/>
  <system-out/>
</testsuite> <!-- Vs.DesktopGRC.App -->
