<?xml version="1.0" encoding="UTF-8"?>
<!-- Generated by org.testng.reporters.JUnitReportReporter -->
<testsuite hostname="DESKTOP-OEVEG37" failures="0" tests="1" name="Vs.DesktopGRC.testRun" time="321.486" errors="0" timestamp="2024-01-08T19:08:29 IST" skipped="0">
  <testcase classname="Vs.DesktopGRC.testRun" name="GRCRegression" time="321.486"/>
  <system-out/>
</testsuite> <!-- Vs.DesktopGRC.testRun -->
