<?xml version="1.0" encoding="UTF-8"?>
<!-- Generated by org.testng.reporters.JUnitReportReporter -->
<testsuite hostname="DESKTOP-OEVEG37" failures="0" tests="2" name="Vs.DesktopGRCrun.testRun" time="0.113" errors="1" timestamp="2023-12-12T13:17:01 IST" skipped="1">
  <testcase classname="Vs.DesktopGRCrun.testRun" name="GRCRegression" time="0.000">
    <skipped/>
  </testcase> <!-- GRCRegression -->
  <system-out/>
  <testcase classname="Vs.DesktopGRCrun.testRun" name="getExcelData" time="0.113">
    <error message="\\14.140.167.188\Vakilsearch\Vakilsearch_Smoke_Testing\Excel\GRC Automation Data.xls (The user name or password is incorrect)" type="java.io.FileNotFoundException">
      <![CDATA[java.io.FileNotFoundException: \\14.140.167.188\Vakilsearch\Vakilsearch_Smoke_Testing\Excel\GRC Automation Data.xls (The user name or password is incorrect)
at java.base/java.io.FileInputStream.open0(Native Method)
at java.base/java.io.FileInputStream.open(FileInputStream.java:216)
at java.base/java.io.FileInputStream.<init>(FileInputStream.java:157)
at java.base/java.io.FileInputStream.<init>(FileInputStream.java:111)
at Vs.DesktopGRCrun.testRun.getExcelData(testRun.java:48)
at java.base/jdk.internal.reflect.NativeMethodAccessorImpl.invoke0(Native Method)
at java.base/jdk.internal.reflect.NativeMethodAccessorImpl.invoke(NativeMethodAccessorImpl.java:77)
at java.base/jdk.internal.reflect.DelegatingMethodAccessorImpl.invoke(DelegatingMethodAccessorImpl.java:43)
at java.base/java.lang.reflect.Method.invoke(Method.java:568)
at org.testng.internal.MethodInvocationHelper.invokeMethod(MethodInvocationHelper.java:133)
at org.testng.internal.MethodInvocationHelper.invokeMethodConsideringTimeout(MethodInvocationHelper.java:62)
at org.testng.internal.ConfigInvoker.invokeConfigurationMethod(ConfigInvoker.java:385)
at org.testng.internal.ConfigInvoker.invokeConfigurations(ConfigInvoker.java:321)
at org.testng.SuiteRunner.privateRun(SuiteRunner.java:317)
at org.testng.SuiteRunner.run(SuiteRunner.java:276)
at org.testng.SuiteRunnerWorker.runSuite(SuiteRunnerWorker.java:53)
at org.testng.SuiteRunnerWorker.run(SuiteRunnerWorker.java:96)
at org.testng.TestNG.runSuitesSequentially(TestNG.java:1212)
at org.testng.TestNG.runSuitesLocally(TestNG.java:1134)
at org.testng.TestNG.runSuites(TestNG.java:1063)
at org.testng.TestNG.run(TestNG.java:1031)
at org.testng.remote.AbstractRemoteTestNG.run(AbstractRemoteTestNG.java:115)
at org.testng.remote.RemoteTestNG.initAndRun(RemoteTestNG.java:251)
at org.testng.remote.RemoteTestNG.main(RemoteTestNG.java:77)
]]>
    </error>
  </testcase> <!-- getExcelData -->
  <system-out/>
</testsuite> <!-- Vs.DesktopGRCrun.testRun -->
