<?xml version="1.0" encoding="UTF-8"?>
<!-- Generated by org.testng.reporters.JUnitReportReporter -->
<testsuite hostname="DESKTOP-OEVEG37" failures="0" tests="1" name="Vs.DesktopGRC.testRun" time="0.000" errors="0" timestamp="2023-12-11T14:53:20 IST" skipped="1">
  <testcase classname="Vs.DesktopGRC.testRun" name="GRCRegression" time="0.000">
    <skipped/>
  </testcase> <!-- GRCRegression -->
  <system-out/>
</testsuite> <!-- Vs.DesktopGRC.testRun -->
